Arguments: 
  /usr/local/bin/node /opt/yarn-v1.22.5/bin/yarn.js add g++

PATH: 
  /usr/local/sbin:/usr/local/bin:/usr/sbin:/usr/bin:/sbin:/bin

Yarn version: 
  1.22.5

Node version: 
  14.16.0

Platform: 
  linux arm64

Trace: 
  Error: https://registry.yarnpkg.com/g++: Not found
      at Request.params.callback [as _callback] (/opt/yarn-v1.22.5/lib/cli.js:66988:18)
      at Request.self.callback (/opt/yarn-v1.22.5/lib/cli.js:140749:22)
      at Request.emit (events.js:315:20)
      at Request.<anonymous> (/opt/yarn-v1.22.5/lib/cli.js:141721:10)
      at Request.emit (events.js:315:20)
      at IncomingMessage.<anonymous> (/opt/yarn-v1.22.5/lib/cli.js:141643:12)
      at Object.onceWrapper (events.js:421:28)
      at IncomingMessage.emit (events.js:327:22)
      at endReadableNT (internal/streams/readable.js:1327:12)
      at processTicksAndRejections (internal/process/task_queues.js:80:21)

npm manifest: 
  {
      "name": "app",
      "version": "0.1.0",
      "private": true,
      "scripts": {
        "serve": "vue-cli-service serve",
        "build": "vue-cli-service build",
        "lint": "vue-cli-service lint",
        "test": "jest"
      },
      "dependencies": {
        "axios": "^0.21.2",
        "core-js": "^3.6.5",
        "postcss": "8.2.13",
        "ssri": "8.0.1",
        "vue": "^2.6.11",
        "vue-router": "^3.5.1"
      },
      "devDependencies": {
        "@babel/core": "^7.13.10",
        "@babel/preset-env": "^7.13.12",
        "@vue/cli-plugin-babel": "~4.5.0",
        "@vue/cli-plugin-eslint": "~4.5.0",
        "@vue/cli-service": "~4.5.0",
        "@vue/test-utils": "^1.1.3",
        "babel-core": "^7.0.0-bridge.0",
        "babel-eslint": "^10.1.0",
        "eslint": "^6.7.2",
        "eslint-plugin-vue": "^6.2.2",
        "jest": "^26.6.3",
        "jsdom": "^16.5.1",
        "jsdom-global": "^3.0.2",
        "vue-jest": "^3.0.7",
        "vue-template-compiler": "^2.6.11"
      },
      "eslintConfig": {
        "root": true,
        "env": {
          "node": true
        },
        "extends": [
          "plugin:vue/essential",
          "eslint:recommended"
        ],
        "parserOptions": {
          "parser": "babel-eslint"
        },
        "rules": {}
      },
      "browserslist": [
        "> 1%",
        "last 2 versions",
        "not dead"
      ],
      "_id": "app@0.1.0",
      "readme": "ERROR: No README data found!",
      "jest": {
        "moduleFileExtensions": [
          "js",
          "json",
          "vue"
        ],
        "transform": {
          ".*\\.(vue)$": "vue-jest",
          "^.+\\.js$": "<rootDir>/node_modules/babel-jest"
        },
        "moduleNameMapper": {
          "^@/(.*)$": "<rootDir>/src/$1"
        }
      }
    }

yarn manifest: 
  No manifest

Lockfile: 
  No lockfile
